CRITICAL - 2024-03-04 14:17:37 --> BadMethodCallException: Call to undefined method App\Models\AccountModel::pluck
in SYSTEMPATH\Model.php on line 874.
 1 APPPATH\Controllers\EmergencyCallController.php(62): CodeIgniter\Model->__call('pluck', [...])
 2 SYSTEMPATH\CodeIgniter.php(941): App\Controllers\EmergencyCallController->submitEmergencyCall()
 3 SYSTEMPATH\CodeIgniter.php(502): CodeIgniter\CodeIgniter->runController(Object(App\Controllers\EmergencyCallController))
 4 SYSTEMPATH\CodeIgniter.php(361): CodeIgniter\CodeIgniter->handleRequest(null, Object(Config\Cache), false)
 5 FCPATH\index.php(79): CodeIgniter\CodeIgniter->run()
 6 SYSTEMPATH\Commands\Server\rewrite.php(47): require_once('C:\\laragon\\www\\BFP_WEBSITE\\public\\index.php')
ERROR - 2024-03-04 16:14:04 --> mysqli_sql_exception: Cannot add or update a child row: a foreign key constraint fails (`bfp`.`emergency_call`, CONSTRAINT `fk_user_id` FOREIGN KEY (`user_id`) REFERENCES `account` (`user_id`)) in C:\laragon\www\BFP_WEBSITE\system\Database\MySQLi\Connection.php:306
Stack trace:
#0 C:\laragon\www\BFP_WEBSITE\system\Database\MySQLi\Connection.php(306): mysqli->query('INSERT INTO `em...', 0)
#1 C:\laragon\www\BFP_WEBSITE\system\Database\BaseConnection.php(693): CodeIgniter\Database\MySQLi\Connection->execute('INSERT INTO `em...')
#2 C:\laragon\www\BFP_WEBSITE\system\Database\BaseConnection.php(607): CodeIgniter\Database\BaseConnection->simpleQuery('INSERT INTO `em...')
#3 C:\laragon\www\BFP_WEBSITE\system\Database\BaseBuilder.php(2302): CodeIgniter\Database\BaseConnection->query('INSERT INTO `em...', Array, false)
#4 C:\laragon\www\BFP_WEBSITE\system\Model.php(326): CodeIgniter\Database\BaseBuilder->insert()
#5 C:\laragon\www\BFP_WEBSITE\system\BaseModel.php(802): CodeIgniter\Model->doInsert(Array)
#6 C:\laragon\www\BFP_WEBSITE\system\Model.php(744): CodeIgniter\BaseModel->insert(Array, true)
#7 C:\laragon\www\BFP_WEBSITE\app\Controllers\EmergencyCallController.php(61): CodeIgniter\Model->insert(Array)
#8 C:\laragon\www\BFP_WEBSITE\system\CodeIgniter.php(941): App\Controllers\EmergencyCallController->submitEmergencyCall()
#9 C:\laragon\www\BFP_WEBSITE\system\CodeIgniter.php(502): CodeIgniter\CodeIgniter->runController(Object(App\Controllers\EmergencyCallController))
#10 C:\laragon\www\BFP_WEBSITE\system\CodeIgniter.php(361): CodeIgniter\CodeIgniter->handleRequest(NULL, Object(Config\Cache), false)
#11 C:\laragon\www\BFP_WEBSITE\public\index.php(79): CodeIgniter\CodeIgniter->run()
#12 C:\laragon\www\BFP_WEBSITE\system\Commands\Server\rewrite.php(47): require_once('C:\\laragon\\www\\...')
#13 {main}
ERROR - 2024-03-04 16:14:52 --> mysqli_sql_exception: Cannot add or update a child row: a foreign key constraint fails (`bfp`.`emergency_call`, CONSTRAINT `fk_user_id` FOREIGN KEY (`user_id`) REFERENCES `account` (`user_id`)) in C:\laragon\www\BFP_WEBSITE\system\Database\MySQLi\Connection.php:306
Stack trace:
#0 C:\laragon\www\BFP_WEBSITE\system\Database\MySQLi\Connection.php(306): mysqli->query('INSERT INTO `em...', 0)
#1 C:\laragon\www\BFP_WEBSITE\system\Database\BaseConnection.php(693): CodeIgniter\Database\MySQLi\Connection->execute('INSERT INTO `em...')
#2 C:\laragon\www\BFP_WEBSITE\system\Database\BaseConnection.php(607): CodeIgniter\Database\BaseConnection->simpleQuery('INSERT INTO `em...')
#3 C:\laragon\www\BFP_WEBSITE\system\Database\BaseBuilder.php(2302): CodeIgniter\Database\BaseConnection->query('INSERT INTO `em...', Array, false)
#4 C:\laragon\www\BFP_WEBSITE\system\Model.php(326): CodeIgniter\Database\BaseBuilder->insert()
#5 C:\laragon\www\BFP_WEBSITE\system\BaseModel.php(802): CodeIgniter\Model->doInsert(Array)
#6 C:\laragon\www\BFP_WEBSITE\system\Model.php(744): CodeIgniter\BaseModel->insert(Array, true)
#7 C:\laragon\www\BFP_WEBSITE\app\Controllers\EmergencyCallController.php(61): CodeIgniter\Model->insert(Array)
#8 C:\laragon\www\BFP_WEBSITE\system\CodeIgniter.php(941): App\Controllers\EmergencyCallController->submitEmergencyCall()
#9 C:\laragon\www\BFP_WEBSITE\system\CodeIgniter.php(502): CodeIgniter\CodeIgniter->runController(Object(App\Controllers\EmergencyCallController))
#10 C:\laragon\www\BFP_WEBSITE\system\CodeIgniter.php(361): CodeIgniter\CodeIgniter->handleRequest(NULL, Object(Config\Cache), false)
#11 C:\laragon\www\BFP_WEBSITE\public\index.php(79): CodeIgniter\CodeIgniter->run()
#12 C:\laragon\www\BFP_WEBSITE\system\Commands\Server\rewrite.php(47): require_once('C:\\laragon\\www\\...')
#13 {main}
CRITICAL - 2024-03-04 16:35:55 --> ErrorException: Undefined variable $latestEmergencyCalls
in APPPATH\Views\ACOMPONENTS\adminheader.php on line 153.
 1 APPPATH\Views\ACOMPONENTS\adminheader.php(153): CodeIgniter\Debug\Exceptions->errorHandler(2, 'Undefined variable $latestEmergencyCalls', 'C:\\laragon\\www\\BFP_WEBSITE\\app\\Views\\ACOMPONENTS\\adminheader.php', 153)
 2 SYSTEMPATH\View\View.php(228): include('C:\\laragon\\www\\BFP_WEBSITE\\app\\Views\\ACOMPONENTS\\adminheader.php')
 3 SYSTEMPATH\View\View.php(231): CodeIgniter\View\View->CodeIgniter\View\{closure}()
 4 SYSTEMPATH\Common.php(1178): CodeIgniter\View\View->render('ACOMPONENTS/adminheader', [], true)
 5 APPPATH\Views\ADMIN\manage.php(7): view('ACOMPONENTS/adminheader')
 6 SYSTEMPATH\View\View.php(228): include('C:\\laragon\\www\\BFP_WEBSITE\\app\\Views\\ADMIN\\manage.php')
 7 SYSTEMPATH\View\View.php(231): CodeIgniter\View\View->CodeIgniter\View\{closure}()
 8 SYSTEMPATH\Common.php(1178): CodeIgniter\View\View->render('ADMIN/manage', [], true)
 9 APPPATH\Controllers\ANavigationController.php(20): view('ADMIN/manage')
10 SYSTEMPATH\CodeIgniter.php(941): App\Controllers\ANavigationController->adminManage()
11 SYSTEMPATH\CodeIgniter.php(502): CodeIgniter\CodeIgniter->runController(Object(App\Controllers\ANavigationController))
12 SYSTEMPATH\CodeIgniter.php(361): CodeIgniter\CodeIgniter->handleRequest(null, Object(Config\Cache), false)
13 FCPATH\index.php(79): CodeIgniter\CodeIgniter->run()
14 SYSTEMPATH\Commands\Server\rewrite.php(47): require_once('C:\\laragon\\www\\BFP_WEBSITE\\public\\index.php')
CRITICAL - 2024-03-04 16:37:05 --> ErrorException: Undefined variable $latestEmergencyCalls
in APPPATH\Views\ACOMPONENTS\adminheader.php on line 153.
 1 APPPATH\Views\ACOMPONENTS\adminheader.php(153): CodeIgniter\Debug\Exceptions->errorHandler(2, 'Undefined variable $latestEmergencyCalls', 'C:\\laragon\\www\\BFP_WEBSITE\\app\\Views\\ACOMPONENTS\\adminheader.php', 153)
 2 SYSTEMPATH\View\View.php(228): include('C:\\laragon\\www\\BFP_WEBSITE\\app\\Views\\ACOMPONENTS\\adminheader.php')
 3 SYSTEMPATH\View\View.php(231): CodeIgniter\View\View->CodeIgniter\View\{closure}()
 4 SYSTEMPATH\Common.php(1178): CodeIgniter\View\View->render('ACOMPONENTS/adminheader', [], true)
 5 APPPATH\Views\ADMIN\manage.php(7): view('ACOMPONENTS/adminheader')
 6 SYSTEMPATH\View\View.php(228): include('C:\\laragon\\www\\BFP_WEBSITE\\app\\Views\\ADMIN\\manage.php')
 7 SYSTEMPATH\View\View.php(231): CodeIgniter\View\View->CodeIgniter\View\{closure}()
 8 SYSTEMPATH\Common.php(1178): CodeIgniter\View\View->render('ADMIN/manage', [], true)
 9 APPPATH\Controllers\ANavigationController.php(20): view('ADMIN/manage')
10 SYSTEMPATH\CodeIgniter.php(941): App\Controllers\ANavigationController->adminManage()
11 SYSTEMPATH\CodeIgniter.php(502): CodeIgniter\CodeIgniter->runController(Object(App\Controllers\ANavigationController))
12 SYSTEMPATH\CodeIgniter.php(361): CodeIgniter\CodeIgniter->handleRequest(null, Object(Config\Cache), false)
13 FCPATH\index.php(79): CodeIgniter\CodeIgniter->run()
14 SYSTEMPATH\Commands\Server\rewrite.php(47): require_once('C:\\laragon\\www\\BFP_WEBSITE\\public\\index.php')
CRITICAL - 2024-03-04 16:37:08 --> ErrorException: Undefined variable $latestEmergencyCalls
in APPPATH\Views\ACOMPONENTS\adminheader.php on line 153.
 1 APPPATH\Views\ACOMPONENTS\adminheader.php(153): CodeIgniter\Debug\Exceptions->errorHandler(2, 'Undefined variable $latestEmergencyCalls', 'C:\\laragon\\www\\BFP_WEBSITE\\app\\Views\\ACOMPONENTS\\adminheader.php', 153)
 2 SYSTEMPATH\View\View.php(228): include('C:\\laragon\\www\\BFP_WEBSITE\\app\\Views\\ACOMPONENTS\\adminheader.php')
 3 SYSTEMPATH\View\View.php(231): CodeIgniter\View\View->CodeIgniter\View\{closure}()
 4 SYSTEMPATH\Common.php(1178): CodeIgniter\View\View->render('ACOMPONENTS/adminheader', [], true)
 5 APPPATH\Views\ADMIN\manage.php(7): view('ACOMPONENTS/adminheader')
 6 SYSTEMPATH\View\View.php(228): include('C:\\laragon\\www\\BFP_WEBSITE\\app\\Views\\ADMIN\\manage.php')
 7 SYSTEMPATH\View\View.php(231): CodeIgniter\View\View->CodeIgniter\View\{closure}()
 8 SYSTEMPATH\Common.php(1178): CodeIgniter\View\View->render('ADMIN/manage', [], true)
 9 APPPATH\Controllers\ANavigationController.php(20): view('ADMIN/manage')
10 SYSTEMPATH\CodeIgniter.php(941): App\Controllers\ANavigationController->adminManage()
11 SYSTEMPATH\CodeIgniter.php(502): CodeIgniter\CodeIgniter->runController(Object(App\Controllers\ANavigationController))
12 SYSTEMPATH\CodeIgniter.php(361): CodeIgniter\CodeIgniter->handleRequest(null, Object(Config\Cache), false)
13 FCPATH\index.php(79): CodeIgniter\CodeIgniter->run()
14 SYSTEMPATH\Commands\Server\rewrite.php(47): require_once('C:\\laragon\\www\\BFP_WEBSITE\\public\\index.php')
CRITICAL - 2024-03-04 16:37:09 --> ErrorException: Undefined variable $latestEmergencyCalls
in APPPATH\Views\ACOMPONENTS\adminheader.php on line 153.
 1 APPPATH\Views\ACOMPONENTS\adminheader.php(153): CodeIgniter\Debug\Exceptions->errorHandler(2, 'Undefined variable $latestEmergencyCalls', 'C:\\laragon\\www\\BFP_WEBSITE\\app\\Views\\ACOMPONENTS\\adminheader.php', 153)
 2 SYSTEMPATH\View\View.php(228): include('C:\\laragon\\www\\BFP_WEBSITE\\app\\Views\\ACOMPONENTS\\adminheader.php')
 3 SYSTEMPATH\View\View.php(231): CodeIgniter\View\View->CodeIgniter\View\{closure}()
 4 SYSTEMPATH\Common.php(1178): CodeIgniter\View\View->render('ACOMPONENTS/adminheader', [], true)
 5 APPPATH\Views\ADMIN\manage.php(7): view('ACOMPONENTS/adminheader')
 6 SYSTEMPATH\View\View.php(228): include('C:\\laragon\\www\\BFP_WEBSITE\\app\\Views\\ADMIN\\manage.php')
 7 SYSTEMPATH\View\View.php(231): CodeIgniter\View\View->CodeIgniter\View\{closure}()
 8 SYSTEMPATH\Common.php(1178): CodeIgniter\View\View->render('ADMIN/manage', [], true)
 9 APPPATH\Controllers\ANavigationController.php(20): view('ADMIN/manage')
10 SYSTEMPATH\CodeIgniter.php(941): App\Controllers\ANavigationController->adminManage()
11 SYSTEMPATH\CodeIgniter.php(502): CodeIgniter\CodeIgniter->runController(Object(App\Controllers\ANavigationController))
12 SYSTEMPATH\CodeIgniter.php(361): CodeIgniter\CodeIgniter->handleRequest(null, Object(Config\Cache), false)
13 FCPATH\index.php(79): CodeIgniter\CodeIgniter->run()
14 SYSTEMPATH\Commands\Server\rewrite.php(47): require_once('C:\\laragon\\www\\BFP_WEBSITE\\public\\index.php')
CRITICAL - 2024-03-04 16:37:10 --> ErrorException: Undefined variable $latestEmergencyCalls
in APPPATH\Views\ACOMPONENTS\adminheader.php on line 153.
 1 APPPATH\Views\ACOMPONENTS\adminheader.php(153): CodeIgniter\Debug\Exceptions->errorHandler(2, 'Undefined variable $latestEmergencyCalls', 'C:\\laragon\\www\\BFP_WEBSITE\\app\\Views\\ACOMPONENTS\\adminheader.php', 153)
 2 SYSTEMPATH\View\View.php(228): include('C:\\laragon\\www\\BFP_WEBSITE\\app\\Views\\ACOMPONENTS\\adminheader.php')
 3 SYSTEMPATH\View\View.php(231): CodeIgniter\View\View->CodeIgniter\View\{closure}()
 4 SYSTEMPATH\Common.php(1178): CodeIgniter\View\View->render('ACOMPONENTS/adminheader', [], true)
 5 APPPATH\Views\ADMIN\manage.php(7): view('ACOMPONENTS/adminheader')
 6 SYSTEMPATH\View\View.php(228): include('C:\\laragon\\www\\BFP_WEBSITE\\app\\Views\\ADMIN\\manage.php')
 7 SYSTEMPATH\View\View.php(231): CodeIgniter\View\View->CodeIgniter\View\{closure}()
 8 SYSTEMPATH\Common.php(1178): CodeIgniter\View\View->render('ADMIN/manage', [], true)
 9 APPPATH\Controllers\ANavigationController.php(20): view('ADMIN/manage')
10 SYSTEMPATH\CodeIgniter.php(941): App\Controllers\ANavigationController->adminManage()
11 SYSTEMPATH\CodeIgniter.php(502): CodeIgniter\CodeIgniter->runController(Object(App\Controllers\ANavigationController))
12 SYSTEMPATH\CodeIgniter.php(361): CodeIgniter\CodeIgniter->handleRequest(null, Object(Config\Cache), false)
13 FCPATH\index.php(79): CodeIgniter\CodeIgniter->run()
14 SYSTEMPATH\Commands\Server\rewrite.php(47): require_once('C:\\laragon\\www\\BFP_WEBSITE\\public\\index.php')
CRITICAL - 2024-03-04 16:37:16 --> ErrorException: Undefined variable $latestEmergencyCalls
in APPPATH\Views\ACOMPONENTS\adminheader.php on line 153.
 1 APPPATH\Views\ACOMPONENTS\adminheader.php(153): CodeIgniter\Debug\Exceptions->errorHandler(2, 'Undefined variable $latestEmergencyCalls', 'C:\\laragon\\www\\BFP_WEBSITE\\app\\Views\\ACOMPONENTS\\adminheader.php', 153)
 2 SYSTEMPATH\View\View.php(228): include('C:\\laragon\\www\\BFP_WEBSITE\\app\\Views\\ACOMPONENTS\\adminheader.php')
 3 SYSTEMPATH\View\View.php(231): CodeIgniter\View\View->CodeIgniter\View\{closure}()
 4 SYSTEMPATH\Common.php(1178): CodeIgniter\View\View->render('ACOMPONENTS/adminheader', [], true)
 5 APPPATH\Views\ADMIN\manage.php(7): view('ACOMPONENTS/adminheader')
 6 SYSTEMPATH\View\View.php(228): include('C:\\laragon\\www\\BFP_WEBSITE\\app\\Views\\ADMIN\\manage.php')
 7 SYSTEMPATH\View\View.php(231): CodeIgniter\View\View->CodeIgniter\View\{closure}()
 8 SYSTEMPATH\Common.php(1178): CodeIgniter\View\View->render('ADMIN/manage', [], true)
 9 APPPATH\Controllers\ANavigationController.php(20): view('ADMIN/manage')
10 SYSTEMPATH\CodeIgniter.php(941): App\Controllers\ANavigationController->adminManage()
11 SYSTEMPATH\CodeIgniter.php(502): CodeIgniter\CodeIgniter->runController(Object(App\Controllers\ANavigationController))
12 SYSTEMPATH\CodeIgniter.php(361): CodeIgniter\CodeIgniter->handleRequest(null, Object(Config\Cache), false)
13 FCPATH\index.php(79): CodeIgniter\CodeIgniter->run()
14 SYSTEMPATH\Commands\Server\rewrite.php(47): require_once('C:\\laragon\\www\\BFP_WEBSITE\\public\\index.php')
CRITICAL - 2024-03-04 16:38:16 --> ErrorException: Undefined variable $latestEmergencyCalls
in APPPATH\Views\ACOMPONENTS\adminheader.php on line 153.
 1 APPPATH\Views\ACOMPONENTS\adminheader.php(153): CodeIgniter\Debug\Exceptions->errorHandler(2, 'Undefined variable $latestEmergencyCalls', 'C:\\laragon\\www\\BFP_WEBSITE\\app\\Views\\ACOMPONENTS\\adminheader.php', 153)
 2 SYSTEMPATH\View\View.php(228): include('C:\\laragon\\www\\BFP_WEBSITE\\app\\Views\\ACOMPONENTS\\adminheader.php')
 3 SYSTEMPATH\View\View.php(231): CodeIgniter\View\View->CodeIgniter\View\{closure}()
 4 SYSTEMPATH\Common.php(1178): CodeIgniter\View\View->render('ACOMPONENTS/adminheader', [], true)
 5 APPPATH\Views\ADMIN\manage.php(7): view('ACOMPONENTS/adminheader')
 6 SYSTEMPATH\View\View.php(228): include('C:\\laragon\\www\\BFP_WEBSITE\\app\\Views\\ADMIN\\manage.php')
 7 SYSTEMPATH\View\View.php(231): CodeIgniter\View\View->CodeIgniter\View\{closure}()
 8 SYSTEMPATH\Common.php(1178): CodeIgniter\View\View->render('ADMIN/manage', [], true)
 9 APPPATH\Controllers\ANavigationController.php(20): view('ADMIN/manage')
10 SYSTEMPATH\CodeIgniter.php(941): App\Controllers\ANavigationController->adminManage()
11 SYSTEMPATH\CodeIgniter.php(502): CodeIgniter\CodeIgniter->runController(Object(App\Controllers\ANavigationController))
12 SYSTEMPATH\CodeIgniter.php(361): CodeIgniter\CodeIgniter->handleRequest(null, Object(Config\Cache), false)
13 FCPATH\index.php(79): CodeIgniter\CodeIgniter->run()
14 SYSTEMPATH\Commands\Server\rewrite.php(47): require_once('C:\\laragon\\www\\BFP_WEBSITE\\public\\index.php')
CRITICAL - 2024-03-04 16:38:21 --> ErrorException: Undefined variable $latestEmergencyCalls
in APPPATH\Views\ACOMPONENTS\adminheader.php on line 153.
 1 APPPATH\Views\ACOMPONENTS\adminheader.php(153): CodeIgniter\Debug\Exceptions->errorHandler(2, 'Undefined variable $latestEmergencyCalls', 'C:\\laragon\\www\\BFP_WEBSITE\\app\\Views\\ACOMPONENTS\\adminheader.php', 153)
 2 SYSTEMPATH\View\View.php(228): include('C:\\laragon\\www\\BFP_WEBSITE\\app\\Views\\ACOMPONENTS\\adminheader.php')
 3 SYSTEMPATH\View\View.php(231): CodeIgniter\View\View->CodeIgniter\View\{closure}()
 4 SYSTEMPATH\Common.php(1178): CodeIgniter\View\View->render('ACOMPONENTS/adminheader', [], true)
 5 APPPATH\Views\ADMIN\manage.php(7): view('ACOMPONENTS/adminheader')
 6 SYSTEMPATH\View\View.php(228): include('C:\\laragon\\www\\BFP_WEBSITE\\app\\Views\\ADMIN\\manage.php')
 7 SYSTEMPATH\View\View.php(231): CodeIgniter\View\View->CodeIgniter\View\{closure}()
 8 SYSTEMPATH\Common.php(1178): CodeIgniter\View\View->render('ADMIN/manage', [], true)
 9 APPPATH\Controllers\ANavigationController.php(20): view('ADMIN/manage')
10 SYSTEMPATH\CodeIgniter.php(941): App\Controllers\ANavigationController->adminManage()
11 SYSTEMPATH\CodeIgniter.php(502): CodeIgniter\CodeIgniter->runController(Object(App\Controllers\ANavigationController))
12 SYSTEMPATH\CodeIgniter.php(361): CodeIgniter\CodeIgniter->handleRequest(null, Object(Config\Cache), false)
13 FCPATH\index.php(79): CodeIgniter\CodeIgniter->run()
14 SYSTEMPATH\Commands\Server\rewrite.php(47): require_once('C:\\laragon\\www\\BFP_WEBSITE\\public\\index.php')
CRITICAL - 2024-03-04 16:38:33 --> ErrorException: Undefined variable $latestEmergencyCalls
in APPPATH\Views\ACOMPONENTS\adminheader.php on line 153.
 1 APPPATH\Views\ACOMPONENTS\adminheader.php(153): CodeIgniter\Debug\Exceptions->errorHandler(2, 'Undefined variable $latestEmergencyCalls', 'C:\\laragon\\www\\BFP_WEBSITE\\app\\Views\\ACOMPONENTS\\adminheader.php', 153)
 2 SYSTEMPATH\View\View.php(228): include('C:\\laragon\\www\\BFP_WEBSITE\\app\\Views\\ACOMPONENTS\\adminheader.php')
 3 SYSTEMPATH\View\View.php(231): CodeIgniter\View\View->CodeIgniter\View\{closure}()
 4 SYSTEMPATH\Common.php(1178): CodeIgniter\View\View->render('ACOMPONENTS/adminheader', [], true)
 5 APPPATH\Views\ADMIN\manage.php(7): view('ACOMPONENTS/adminheader')
 6 SYSTEMPATH\View\View.php(228): include('C:\\laragon\\www\\BFP_WEBSITE\\app\\Views\\ADMIN\\manage.php')
 7 SYSTEMPATH\View\View.php(231): CodeIgniter\View\View->CodeIgniter\View\{closure}()
 8 SYSTEMPATH\Common.php(1178): CodeIgniter\View\View->render('ADMIN/manage', [], true)
 9 APPPATH\Controllers\ANavigationController.php(20): view('ADMIN/manage')
10 SYSTEMPATH\CodeIgniter.php(941): App\Controllers\ANavigationController->adminManage()
11 SYSTEMPATH\CodeIgniter.php(502): CodeIgniter\CodeIgniter->runController(Object(App\Controllers\ANavigationController))
12 SYSTEMPATH\CodeIgniter.php(361): CodeIgniter\CodeIgniter->handleRequest(null, Object(Config\Cache), false)
13 FCPATH\index.php(79): CodeIgniter\CodeIgniter->run()
14 SYSTEMPATH\Commands\Server\rewrite.php(47): require_once('C:\\laragon\\www\\BFP_WEBSITE\\public\\index.php')
CRITICAL - 2024-03-04 16:41:40 --> ErrorException: Undefined variable $latestEmergencyCalls
in APPPATH\Views\ACOMPONENTS\adminheader.php on line 153.
 1 APPPATH\Views\ACOMPONENTS\adminheader.php(153): CodeIgniter\Debug\Exceptions->errorHandler(2, 'Undefined variable $latestEmergencyCalls', 'C:\\laragon\\www\\BFP_WEBSITE\\app\\Views\\ACOMPONENTS\\adminheader.php', 153)
 2 SYSTEMPATH\View\View.php(228): include('C:\\laragon\\www\\BFP_WEBSITE\\app\\Views\\ACOMPONENTS\\adminheader.php')
 3 SYSTEMPATH\View\View.php(231): CodeIgniter\View\View->CodeIgniter\View\{closure}()
 4 SYSTEMPATH\Common.php(1178): CodeIgniter\View\View->render('ACOMPONENTS/adminheader', [], true)
 5 APPPATH\Views\ADMIN\manage.php(7): view('ACOMPONENTS/adminheader')
 6 SYSTEMPATH\View\View.php(228): include('C:\\laragon\\www\\BFP_WEBSITE\\app\\Views\\ADMIN\\manage.php')
 7 SYSTEMPATH\View\View.php(231): CodeIgniter\View\View->CodeIgniter\View\{closure}()
 8 SYSTEMPATH\Common.php(1178): CodeIgniter\View\View->render('ADMIN/manage', [], true)
 9 APPPATH\Controllers\ANavigationController.php(20): view('ADMIN/manage')
10 SYSTEMPATH\CodeIgniter.php(941): App\Controllers\ANavigationController->adminManage()
11 SYSTEMPATH\CodeIgniter.php(502): CodeIgniter\CodeIgniter->runController(Object(App\Controllers\ANavigationController))
12 SYSTEMPATH\CodeIgniter.php(361): CodeIgniter\CodeIgniter->handleRequest(null, Object(Config\Cache), false)
13 FCPATH\index.php(79): CodeIgniter\CodeIgniter->run()
14 SYSTEMPATH\Commands\Server\rewrite.php(47): require_once('C:\\laragon\\www\\BFP_WEBSITE\\public\\index.php')
CRITICAL - 2024-03-04 16:43:05 --> ErrorException: Undefined variable $latestEmergencyCalls
in APPPATH\Views\ACOMPONENTS\adminheader.php on line 153.
 1 APPPATH\Views\ACOMPONENTS\adminheader.php(153): CodeIgniter\Debug\Exceptions->errorHandler(2, 'Undefined variable $latestEmergencyCalls', 'C:\\laragon\\www\\BFP_WEBSITE\\app\\Views\\ACOMPONENTS\\adminheader.php', 153)
 2 SYSTEMPATH\View\View.php(228): include('C:\\laragon\\www\\BFP_WEBSITE\\app\\Views\\ACOMPONENTS\\adminheader.php')
 3 SYSTEMPATH\View\View.php(231): CodeIgniter\View\View->CodeIgniter\View\{closure}()
 4 SYSTEMPATH\Common.php(1178): CodeIgniter\View\View->render('ACOMPONENTS/adminheader', [], true)
 5 APPPATH\Views\ADMIN\manage.php(7): view('ACOMPONENTS/adminheader')
 6 SYSTEMPATH\View\View.php(228): include('C:\\laragon\\www\\BFP_WEBSITE\\app\\Views\\ADMIN\\manage.php')
 7 SYSTEMPATH\View\View.php(231): CodeIgniter\View\View->CodeIgniter\View\{closure}()
 8 SYSTEMPATH\Common.php(1178): CodeIgniter\View\View->render('ADMIN/manage', [], true)
 9 APPPATH\Controllers\ANavigationController.php(20): view('ADMIN/manage')
10 SYSTEMPATH\CodeIgniter.php(941): App\Controllers\ANavigationController->adminManage()
11 SYSTEMPATH\CodeIgniter.php(502): CodeIgniter\CodeIgniter->runController(Object(App\Controllers\ANavigationController))
12 SYSTEMPATH\CodeIgniter.php(361): CodeIgniter\CodeIgniter->handleRequest(null, Object(Config\Cache), false)
13 FCPATH\index.php(79): CodeIgniter\CodeIgniter->run()
14 SYSTEMPATH\Commands\Server\rewrite.php(47): require_once('C:\\laragon\\www\\BFP_WEBSITE\\public\\index.php')
